build/app/intermediates/manifest_merge_blame_file/debug/manifest-merger-blame-debug-report.txt
1<?xml version="1.0" encoding="utf-8"?>
2<manifest xmlns:android="http://schemas.android.com/apk/res/android"
3    package="com.example.test_flutter"
4    android:versionCode="1"
5    android:versionName="1.0.0" >
6
7    <uses-sdk
8        android:minSdkVersion="21"
9        android:targetSdkVersion="33" />
10    <!--
11         The INTERNET permission is required for development. Specifically,
12         the Flutter tool needs it to communicate with the running application
13         to allow setting breakpoints, to provide hot reload, etc.
14    -->
15    <uses-permission android:name="android.permission.INTERNET" />
15-->src\debug\AndroidManifest.xml:7:5-66
15-->src\debug\AndroidManifest.xml:7:22-64
16    <uses-permission android:name="android.permission.ACCESS_NETWORK_STATE" />
16-->[:connectivity_plus] AndroidManifest.xml:9:5-79
16-->[:connectivity_plus] AndroidManifest.xml:9:22-76
17    <uses-permission android:name="android.permission.WAKE_LOCK" />
17-->[com.google.android.gms:play-services-measurement-api:21.2.2] AndroidManifest.xml:24:5-68
17-->[com.google.android.gms:play-services-measurement-api:21.2.2] AndroidManifest.xml:24:22-65
18    <uses-permission android:name="com.google.android.gms.permission.AD_ID" />
18-->[com.google.android.gms:play-services-measurement-api:21.2.2] AndroidManifest.xml:25:5-79
18-->[com.google.android.gms:play-services-measurement-api:21.2.2] AndroidManifest.xml:25:22-76
19    <uses-permission android:name="com.google.android.finsky.permission.BIND_GET_INSTALL_REFERRER_SERVICE" />
19-->[com.google.android.gms:play-services-measurement:21.2.2] AndroidManifest.xml:26:5-110
19-->[com.google.android.gms:play-services-measurement:21.2.2] AndroidManifest.xml:26:22-107
20
21    <application
22        android:name="android.app.Application"
23        android:appComponentFactory="androidx.core.app.CoreComponentFactory"
23-->[androidx.core:core:1.6.0] AndroidManifest.xml:24:18-86
24        android:debuggable="true"
25        android:icon="@mipmap/ic_launcher"
26        android:label="lasic_grana_flutter" >
27        <activity
28            android:name="com.example.lasic_grana_flutter.MainActivity"
29            android:configChanges="orientation|keyboardHidden|keyboard|screenSize|smallestScreenSize|locale|layoutDirection|fontScale|screenLayout|density|uiMode"
30            android:exported="true"
31            android:hardwareAccelerated="true"
32            android:launchMode="singleTop"
33            android:screenOrientation="portrait"
34            android:theme="@style/LaunchTheme"
35            android:windowSoftInputMode="adjustResize" >
36
37            <!--
38                 Specifies an Android theme to apply to this Activity as soon as
39                 the Android process has started. This theme is visible to the user
40                 while the Flutter UI initializes. After that, this theme continues
41                 to determine the Window background behind the Flutter UI.
42            -->
43            <meta-data
44                android:name="io.flutter.embedding.android.NormalTheme"
45                android:resource="@style/NormalTheme" />
46
47            <intent-filter>
48                <action android:name="android.intent.action.MAIN" />
49
50                <category android:name="android.intent.category.LAUNCHER" />
51            </intent-filter>
52        </activity>
53        <!--
54             Don't delete the meta-data below.
55             This is used by the Flutter tool to generate GeneratedPluginRegistrant.java
56        -->
57        <meta-data
58            android:name="flutterEmbedding"
59            android:value="2" />
60
61        <service
61-->[:firebase_auth] AndroidManifest.xml:10:9-14:19
62            android:name="com.google.firebase.components.ComponentDiscoveryService"
62-->[:firebase_auth] AndroidManifest.xml:10:18-89
63            android:directBootAware="true"
63-->[com.google.firebase:firebase-common:20.3.2] AndroidManifest.xml:34:13-43
64            android:exported="false" >
64-->[com.google.firebase:firebase-auth:21.3.0] AndroidManifest.xml:68:13-37
65            <meta-data
65-->[:firebase_auth] AndroidManifest.xml:11:13-13:85
66                android:name="com.google.firebase.components:io.flutter.plugins.firebase.auth.FlutterFirebaseAuthRegistrar"
66-->[:firebase_auth] AndroidManifest.xml:12:17-124
67                android:value="com.google.firebase.components.ComponentRegistrar" />
67-->[:firebase_auth] AndroidManifest.xml:13:17-82
68            <meta-data
68-->[:firebase_remote_config] AndroidManifest.xml:11:13-13:85
69                android:name="com.google.firebase.components:io.flutter.plugins.firebase.firebaseremoteconfig.FlutterFirebaseAppRegistrar"
69-->[:firebase_remote_config] AndroidManifest.xml:12:17-139
70                android:value="com.google.firebase.components.ComponentRegistrar" />
70-->[:firebase_remote_config] AndroidManifest.xml:13:17-82
71            <meta-data
71-->[:firebase_storage] AndroidManifest.xml:11:13-13:85
72                android:name="com.google.firebase.components:io.flutter.plugins.firebase.storage.FlutterFirebaseAppRegistrar"
72-->[:firebase_storage] AndroidManifest.xml:12:17-126
73                android:value="com.google.firebase.components.ComponentRegistrar" />
73-->[:firebase_storage] AndroidManifest.xml:13:17-82
74            <meta-data
74-->[:cloud_firestore] AndroidManifest.xml:11:13-13:85
75                android:name="com.google.firebase.components:io.flutter.plugins.firebase.firestore.FlutterFirebaseFirestoreRegistrar"
75-->[:cloud_firestore] AndroidManifest.xml:12:17-134
76                android:value="com.google.firebase.components.ComponentRegistrar" />
76-->[:cloud_firestore] AndroidManifest.xml:13:17-82
77            <meta-data
77-->[:firebase_core] AndroidManifest.xml:11:13-13:85
78                android:name="com.google.firebase.components:io.flutter.plugins.firebase.core.FlutterFirebaseCoreRegistrar"
78-->[:firebase_core] AndroidManifest.xml:12:17-124
79                android:value="com.google.firebase.components.ComponentRegistrar" />
79-->[:firebase_core] AndroidManifest.xml:13:17-82
80            <meta-data
80-->[com.google.firebase:firebase-auth:21.3.0] AndroidManifest.xml:69:13-71:85
81                android:name="com.google.firebase.components:com.google.firebase.auth.FirebaseAuthRegistrar"
81-->[com.google.firebase:firebase-auth:21.3.0] AndroidManifest.xml:70:17-109
82                android:value="com.google.firebase.components.ComponentRegistrar" />
82-->[com.google.firebase:firebase-auth:21.3.0] AndroidManifest.xml:71:17-82
83            <meta-data
83-->[com.google.firebase:firebase-storage:20.1.0] AndroidManifest.xml:32:13-34:85
84                android:name="com.google.firebase.components:com.google.firebase.storage.StorageRegistrar"
84-->[com.google.firebase:firebase-storage:20.1.0] AndroidManifest.xml:33:17-107
85                android:value="com.google.firebase.components.ComponentRegistrar" />
85-->[com.google.firebase:firebase-storage:20.1.0] AndroidManifest.xml:34:17-82
86            <meta-data
86-->[com.google.firebase:firebase-firestore:24.5.0] AndroidManifest.xml:19:13-21:85
87                android:name="com.google.firebase.components:com.google.firebase.firestore.FirestoreRegistrar"
87-->[com.google.firebase:firebase-firestore:24.5.0] AndroidManifest.xml:20:17-111
88                android:value="com.google.firebase.components.ComponentRegistrar" />
88-->[com.google.firebase:firebase-firestore:24.5.0] AndroidManifest.xml:21:17-82
89            <meta-data
89-->[com.google.firebase:firebase-config:21.3.0] AndroidManifest.xml:31:13-33:85
90                android:name="com.google.firebase.components:com.google.firebase.remoteconfig.RemoteConfigRegistrar"
90-->[com.google.firebase:firebase-config:21.3.0] AndroidManifest.xml:32:17-117
91                android:value="com.google.firebase.components.ComponentRegistrar" />
91-->[com.google.firebase:firebase-config:21.3.0] AndroidManifest.xml:33:17-82
92            <meta-data
92-->[com.google.android.gms:play-services-measurement-api:21.2.2] AndroidManifest.xml:31:13-33:85
93                android:name="com.google.firebase.components:com.google.firebase.analytics.connector.internal.AnalyticsConnectorRegistrar"
93-->[com.google.android.gms:play-services-measurement-api:21.2.2] AndroidManifest.xml:32:17-139
94                android:value="com.google.firebase.components.ComponentRegistrar" />
94-->[com.google.android.gms:play-services-measurement-api:21.2.2] AndroidManifest.xml:33:17-82
95            <meta-data
95-->[com.google.firebase:firebase-abt:21.1.1] AndroidManifest.xml:12:13-14:85
96                android:name="com.google.firebase.components:com.google.firebase.abt.component.AbtRegistrar"
96-->[com.google.firebase:firebase-abt:21.1.1] AndroidManifest.xml:13:17-109
97                android:value="com.google.firebase.components.ComponentRegistrar" />
97-->[com.google.firebase:firebase-abt:21.1.1] AndroidManifest.xml:14:17-82
98            <meta-data
98-->[com.google.firebase:firebase-installations:17.1.3] AndroidManifest.xml:17:13-19:85
99                android:name="com.google.firebase.components:com.google.firebase.installations.FirebaseInstallationsRegistrar"
99-->[com.google.firebase:firebase-installations:17.1.3] AndroidManifest.xml:18:17-127
100                android:value="com.google.firebase.components.ComponentRegistrar" />
100-->[com.google.firebase:firebase-installations:17.1.3] AndroidManifest.xml:19:17-82
101        </service>
102
103        <uses-library
103-->[androidx.window:window:1.0.0-beta04] AndroidManifest.xml:25:9-27:40
104            android:name="androidx.window.extensions"
104-->[androidx.window:window:1.0.0-beta04] AndroidManifest.xml:26:13-54
105            android:required="false" />
105-->[androidx.window:window:1.0.0-beta04] AndroidManifest.xml:27:13-37
106        <uses-library
106-->[androidx.window:window:1.0.0-beta04] AndroidManifest.xml:28:9-30:40
107            android:name="androidx.window.sidecar"
107-->[androidx.window:window:1.0.0-beta04] AndroidManifest.xml:29:13-51
108            android:required="false" />
108-->[androidx.window:window:1.0.0-beta04] AndroidManifest.xml:30:13-37
109
110        <activity
110-->[com.google.firebase:firebase-auth:21.3.0] AndroidManifest.xml:29:9-46:20
111            android:name="com.google.firebase.auth.internal.GenericIdpActivity"
111-->[com.google.firebase:firebase-auth:21.3.0] AndroidManifest.xml:30:13-80
112            android:excludeFromRecents="true"
112-->[com.google.firebase:firebase-auth:21.3.0] AndroidManifest.xml:31:13-46
113            android:exported="true"
113-->[com.google.firebase:firebase-auth:21.3.0] AndroidManifest.xml:32:13-36
114            android:launchMode="singleTask"
114-->[com.google.firebase:firebase-auth:21.3.0] AndroidManifest.xml:33:13-44
115            android:theme="@android:style/Theme.Translucent.NoTitleBar" >
115-->[com.google.firebase:firebase-auth:21.3.0] AndroidManifest.xml:34:13-72
116            <intent-filter>
116-->[com.google.firebase:firebase-auth:21.3.0] AndroidManifest.xml:35:13-45:29
117                <action android:name="android.intent.action.VIEW" />
117-->[com.google.firebase:firebase-auth:21.3.0] AndroidManifest.xml:36:17-69
117-->[com.google.firebase:firebase-auth:21.3.0] AndroidManifest.xml:36:25-66
118
119                <category android:name="android.intent.category.DEFAULT" />
119-->[com.google.firebase:firebase-auth:21.3.0] AndroidManifest.xml:38:17-76
119-->[com.google.firebase:firebase-auth:21.3.0] AndroidManifest.xml:38:27-73
120                <category android:name="android.intent.category.BROWSABLE" />
120-->[com.google.firebase:firebase-auth:21.3.0] AndroidManifest.xml:39:17-78
120-->[com.google.firebase:firebase-auth:21.3.0] AndroidManifest.xml:39:27-75
121
122                <data
122-->[com.google.firebase:firebase-auth:21.3.0] AndroidManifest.xml:41:17-44:51
123                    android:host="firebase.auth"
123-->[com.google.firebase:firebase-auth:21.3.0] AndroidManifest.xml:42:21-49
124                    android:path="/"
124-->[com.google.firebase:firebase-auth:21.3.0] AndroidManifest.xml:43:21-37
125                    android:scheme="genericidp" />
125-->[com.google.firebase:firebase-auth:21.3.0] AndroidManifest.xml:44:21-48
126            </intent-filter>
127        </activity>
128        <activity
128-->[com.google.firebase:firebase-auth:21.3.0] AndroidManifest.xml:47:9-64:20
129            android:name="com.google.firebase.auth.internal.RecaptchaActivity"
129-->[com.google.firebase:firebase-auth:21.3.0] AndroidManifest.xml:48:13-79
130            android:excludeFromRecents="true"
130-->[com.google.firebase:firebase-auth:21.3.0] AndroidManifest.xml:49:13-46
131            android:exported="true"
131-->[com.google.firebase:firebase-auth:21.3.0] AndroidManifest.xml:50:13-36
132            android:launchMode="singleTask"
132-->[com.google.firebase:firebase-auth:21.3.0] AndroidManifest.xml:51:13-44
133            android:theme="@android:style/Theme.Translucent.NoTitleBar" >
133-->[com.google.firebase:firebase-auth:21.3.0] AndroidManifest.xml:52:13-72
134            <intent-filter>
134-->[com.google.firebase:firebase-auth:21.3.0] AndroidManifest.xml:53:13-63:29
135                <action android:name="android.intent.action.VIEW" />
135-->[com.google.firebase:firebase-auth:21.3.0] AndroidManifest.xml:36:17-69
135-->[com.google.firebase:firebase-auth:21.3.0] AndroidManifest.xml:36:25-66
136
137                <category android:name="android.intent.category.DEFAULT" />
137-->[com.google.firebase:firebase-auth:21.3.0] AndroidManifest.xml:38:17-76
137-->[com.google.firebase:firebase-auth:21.3.0] AndroidManifest.xml:38:27-73
138                <category android:name="android.intent.category.BROWSABLE" />
138-->[com.google.firebase:firebase-auth:21.3.0] AndroidManifest.xml:39:17-78
138-->[com.google.firebase:firebase-auth:21.3.0] AndroidManifest.xml:39:27-75
139
140                <data
140-->[com.google.firebase:firebase-auth:21.3.0] AndroidManifest.xml:41:17-44:51
141                    android:host="firebase.auth"
141-->[com.google.firebase:firebase-auth:21.3.0] AndroidManifest.xml:42:21-49
142                    android:path="/"
142-->[com.google.firebase:firebase-auth:21.3.0] AndroidManifest.xml:43:21-37
143                    android:scheme="recaptcha" />
143-->[com.google.firebase:firebase-auth:21.3.0] AndroidManifest.xml:44:21-48
144            </intent-filter>
145        </activity>
146
147        <provider
147-->[com.google.firebase:firebase-common:20.3.2] AndroidManifest.xml:25:9-30:39
148            android:name="com.google.firebase.provider.FirebaseInitProvider"
148-->[com.google.firebase:firebase-common:20.3.2] AndroidManifest.xml:26:13-77
149            android:authorities="com.example.test_flutter.firebaseinitprovider"
149-->[com.google.firebase:firebase-common:20.3.2] AndroidManifest.xml:27:13-72
150            android:directBootAware="true"
150-->[com.google.firebase:firebase-common:20.3.2] AndroidManifest.xml:28:13-43
151            android:exported="false"
151-->[com.google.firebase:firebase-common:20.3.2] AndroidManifest.xml:29:13-37
152            android:initOrder="100" />
152-->[com.google.firebase:firebase-common:20.3.2] AndroidManifest.xml:30:13-36
153
154        <activity
154-->[com.google.android.gms:play-services-auth:20.5.0] AndroidManifest.xml:23:9-27:75
155            android:name="com.google.android.gms.auth.api.signin.internal.SignInHubActivity"
155-->[com.google.android.gms:play-services-auth:20.5.0] AndroidManifest.xml:24:13-93
156            android:excludeFromRecents="true"
156-->[com.google.android.gms:play-services-auth:20.5.0] AndroidManifest.xml:25:13-46
157            android:exported="false"
157-->[com.google.android.gms:play-services-auth:20.5.0] AndroidManifest.xml:26:13-37
158            android:theme="@android:style/Theme.Translucent.NoTitleBar" />
158-->[com.google.android.gms:play-services-auth:20.5.0] AndroidManifest.xml:27:13-72
159        <!--
160            Service handling Google Sign-In user revocation. For apps that do not integrate with
161            Google Sign-In, this service will never be started.
162        -->
163        <service
163-->[com.google.android.gms:play-services-auth:20.5.0] AndroidManifest.xml:33:9-37:51
164            android:name="com.google.android.gms.auth.api.signin.RevocationBoundService"
164-->[com.google.android.gms:play-services-auth:20.5.0] AndroidManifest.xml:34:13-89
165            android:exported="true"
165-->[com.google.android.gms:play-services-auth:20.5.0] AndroidManifest.xml:35:13-36
166            android:permission="com.google.android.gms.auth.api.signin.permission.REVOCATION_NOTIFICATION"
166-->[com.google.android.gms:play-services-auth:20.5.0] AndroidManifest.xml:36:13-107
167            android:visibleToInstantApps="true" />
167-->[com.google.android.gms:play-services-auth:20.5.0] AndroidManifest.xml:37:13-48
168
169        <activity
169-->[com.google.android.gms:play-services-base:18.0.1] AndroidManifest.xml:20:9-22:45
170            android:name="com.google.android.gms.common.api.GoogleApiActivity"
170-->[com.google.android.gms:play-services-base:18.0.1] AndroidManifest.xml:20:19-85
171            android:exported="false"
171-->[com.google.android.gms:play-services-base:18.0.1] AndroidManifest.xml:22:19-43
172            android:theme="@android:style/Theme.Translucent.NoTitleBar" />
172-->[com.google.android.gms:play-services-base:18.0.1] AndroidManifest.xml:21:19-78
173
174        <receiver
174-->[com.google.android.gms:play-services-measurement:21.2.2] AndroidManifest.xml:29:9-33:20
175            android:name="com.google.android.gms.measurement.AppMeasurementReceiver"
175-->[com.google.android.gms:play-services-measurement:21.2.2] AndroidManifest.xml:30:13-85
176            android:enabled="true"
176-->[com.google.android.gms:play-services-measurement:21.2.2] AndroidManifest.xml:31:13-35
177            android:exported="false" >
177-->[com.google.android.gms:play-services-measurement:21.2.2] AndroidManifest.xml:32:13-37
178        </receiver>
179
180        <service
180-->[com.google.android.gms:play-services-measurement:21.2.2] AndroidManifest.xml:35:9-38:40
181            android:name="com.google.android.gms.measurement.AppMeasurementService"
181-->[com.google.android.gms:play-services-measurement:21.2.2] AndroidManifest.xml:36:13-84
182            android:enabled="true"
182-->[com.google.android.gms:play-services-measurement:21.2.2] AndroidManifest.xml:37:13-35
183            android:exported="false" />
183-->[com.google.android.gms:play-services-measurement:21.2.2] AndroidManifest.xml:38:13-37
184        <service
184-->[com.google.android.gms:play-services-measurement:21.2.2] AndroidManifest.xml:39:9-43:72
185            android:name="com.google.android.gms.measurement.AppMeasurementJobService"
185-->[com.google.android.gms:play-services-measurement:21.2.2] AndroidManifest.xml:40:13-87
186            android:enabled="true"
186-->[com.google.android.gms:play-services-measurement:21.2.2] AndroidManifest.xml:41:13-35
187            android:exported="false"
187-->[com.google.android.gms:play-services-measurement:21.2.2] AndroidManifest.xml:42:13-37
188            android:permission="android.permission.BIND_JOB_SERVICE" />
188-->[com.google.android.gms:play-services-measurement:21.2.2] AndroidManifest.xml:43:13-69
189
190        <meta-data
190-->[com.google.android.gms:play-services-basement:18.2.0] AndroidManifest.xml:21:9-23:69
191            android:name="com.google.android.gms.version"
191-->[com.google.android.gms:play-services-basement:18.2.0] AndroidManifest.xml:22:13-58
192            android:value="@integer/google_play_services_version" />
192-->[com.google.android.gms:play-services-basement:18.2.0] AndroidManifest.xml:23:13-66
193    </application>
194
195</manifest>